<?xml version="1.0" encoding="UTF-8"?>
<!-- Generated by org.testng.reporters.JUnitReportReporter -->
<testsuite skipped="1" hostname="Zlutan" name="POMdesign.webOrdersLogInTests" tests="2" failures="0" timestamp="08 Jul 2018 16:49:50 GMT" time="4.255" errors="0">
  <testcase name="positiveLogInUsingPOM" time="4.255" classname="POMdesign.webOrdersLogInTests"/>
  <testcase name="positiveLogInTest" classname="POMdesign.webOrdersLogInTests">
    <skipped/>
  </testcase> <!-- positiveLogInTest -->
</testsuite> <!-- POMdesign.webOrdersLogInTests -->
