<?xml version="1.0" encoding="UTF-8"?>
<!-- Generated by org.testng.reporters.JUnitReportReporter -->
<testsuite skipped="0" hostname="Zlutan" name="webTables.ReadWebTables" tests="2" failures="0" timestamp="03 Jul 2018 01:54:01 GMT" time="5.731" errors="0">
  <testcase name="readScores" time="1.044" classname="webTables.ReadWebTables"/>
  <testcase name="applicantsData" time="4.687" classname="webTables.ReadWebTables"/>
</testsuite> <!-- webTables.ReadWebTables -->
