<?xml version="1.0" encoding="UTF-8"?>
<!-- Generated by org.testng.reporters.JUnitReportReporter -->
<testsuite skipped="0" hostname="Zlutan" name="com.jobapplication.PersonalInfoTest" tests="2" failures="0" timestamp="25 Jun 2018 21:01:00 GMT" time="8.454" errors="0">
  <testcase name="fullNameEmptyTest" time="0.631" classname="com.jobapplication.PersonalInfoTest"/>
  <testcase name="submitFullApplication" time="7.823" classname="com.jobapplication.PersonalInfoTest"/>
</testsuite> <!-- com.jobapplication.PersonalInfoTest -->
