<?xml version="1.0" encoding="UTF-8"?>
<!-- Generated by org.testng.reporters.JUnitReportReporter -->
<testsuite skipped="0" hostname="Zlutan" name="webElements.WebElements" tests="1" failures="0" timestamp="27 Jun 2018 00:52:37 GMT" time="12.058" errors="0">
  <testcase name="myLinks" time="12.058" classname="webElements.WebElements"/>
</testsuite> <!-- webElements.WebElements -->
