<?xml version="1.0" encoding="UTF-8"?>
<!-- Generated by org.testng.reporters.JUnitReportReporter -->
<testsuite skipped="0" hostname="Zlutan" name="com.amazon.WoodenSpoonAutomation" tests="1" failures="0" timestamp="30 Jun 2018 16:24:40 GMT" time="15.343" errors="0">
  <testcase name="test" time="15.343" classname="com.amazon.WoodenSpoonAutomation"/>
</testsuite> <!-- com.amazon.WoodenSpoonAutomation -->
