<?xml version="1.0" encoding="UTF-8"?>
<!-- Generated by org.testng.reporters.JUnitReportReporter -->
<testsuite skipped="0" hostname="Zlutan" name="POMdesign.AllOrdersTests" tests="2" failures="0" timestamp="08 Jul 2018 20:57:09 GMT" time="13.077" errors="0">
  <testcase name="availableProductsTest" time="6.658" classname="POMdesign.AllOrdersTests"/>
  <testcase name="labelsVerification" time="6.419" classname="POMdesign.AllOrdersTests"/>
</testsuite> <!-- POMdesign.AllOrdersTests -->
